<?xml version="1.0" encoding="UTF-8"?>
<testng-results skipped="0" failed="1" ignored="0" total="5" passed="4">
  <reporter-output>
  </reporter-output>
  <suite name="Default suite" duration-ms="240056" started-at="2018-03-05T02:03:22Z" finished-at="2018-03-05T02:07:22Z">
    <groups>
    </groups>
    <test name="Default test" duration-ms="240056" started-at="2018-03-05T02:03:22Z" finished-at="2018-03-05T02:07:22Z">
      <class name="com.newegg.qa.testcases.HomePageTest">
        <test-method status="PASS" signature="setUp()[pri:0, instance:com.newegg.qa.testcases.HomePageTest@612fc6eb]" name="setUp" is-config="true" duration-ms="49007" started-at="2018-03-05T02:03:22Z" finished-at="2018-03-05T02:04:11Z">
          <reporter-output>
          </reporter-output>
        </test-method> <!-- setUp -->
        <test-method status="FAIL" signature="searchItem(java.lang.String, java.lang.String, java.lang.String)[pri:1, instance:com.newegg.qa.testcases.HomePageTest@612fc6eb]" name="searchItem" duration-ms="75668" started-at="2018-03-05T02:04:12Z" data-provider="getTestExcelData" finished-at="2018-03-05T02:05:28Z">
          <params>
            <param index="0">
              <value>
                <![CDATA[Micro SD Card]]>
              </value>
            </param>
            <param index="1">
              <value>
                <![CDATA[SanDisk 256GB Ultra ]]>
              </value>
            </param>
            <param index="2">
              <value>
                <![CDATA[149.95]]>
              </value>
            </param>
          </params>
          <exception class="java.lang.AssertionError">
            <message>
              <![CDATA[Actual price is $147.70 expected price is 149.95 expected [149.95] but found [147.7]]]>
            </message>
            <full-stacktrace>
              <![CDATA[java.lang.AssertionError: Actual price is $147.70 expected price is 149.95 expected [149.95] but found [147.7]
at org.testng.Assert.fail(Assert.java:96)
at org.testng.Assert.failNotEquals(Assert.java:776)
at org.testng.Assert.assertEqualsImpl(Assert.java:137)
at org.testng.Assert.assertEquals(Assert.java:118)
at com.newegg.qa.testcases.HomePageTest.searchItem(HomePageTest.java:54)
at sun.reflect.NativeMethodAccessorImpl.invoke0(Native Method)
at sun.reflect.NativeMethodAccessorImpl.invoke(Unknown Source)
at sun.reflect.DelegatingMethodAccessorImpl.invoke(Unknown Source)
at java.lang.reflect.Method.invoke(Unknown Source)
at org.testng.internal.MethodInvocationHelper.invokeMethod(MethodInvocationHelper.java:124)
at org.testng.internal.Invoker.invokeMethod(Invoker.java:580)
at org.testng.internal.Invoker.invokeTestMethod(Invoker.java:716)
at org.testng.internal.Invoker.invokeTestMethods(Invoker.java:988)
at org.testng.internal.TestMethodWorker.invokeTestMethods(TestMethodWorker.java:125)
at org.testng.internal.TestMethodWorker.run(TestMethodWorker.java:109)
at org.testng.TestRunner.privateRun(TestRunner.java:648)
at org.testng.TestRunner.run(TestRunner.java:505)
at org.testng.SuiteRunner.runTest(SuiteRunner.java:455)
at org.testng.SuiteRunner.runSequentially(SuiteRunner.java:450)
at org.testng.SuiteRunner.privateRun(SuiteRunner.java:415)
at org.testng.SuiteRunner.run(SuiteRunner.java:364)
at org.testng.SuiteRunnerWorker.runSuite(SuiteRunnerWorker.java:52)
at org.testng.SuiteRunnerWorker.run(SuiteRunnerWorker.java:84)
at org.testng.TestNG.runSuitesSequentially(TestNG.java:1208)
at org.testng.TestNG.runSuitesLocally(TestNG.java:1137)
at org.testng.TestNG.runSuites(TestNG.java:1049)
at org.testng.TestNG.run(TestNG.java:1017)
at org.testng.remote.AbstractRemoteTestNG.run(AbstractRemoteTestNG.java:114)
at org.testng.remote.RemoteTestNG.initAndRun(RemoteTestNG.java:251)
at org.testng.remote.RemoteTestNG.main(RemoteTestNG.java:77)
]]>
            </full-stacktrace>
          </exception> <!-- java.lang.AssertionError -->
          <reporter-output>
          </reporter-output>
        </test-method> <!-- searchItem -->
        <test-method status="PASS" signature="searchItem(java.lang.String, java.lang.String, java.lang.String)[pri:1, instance:com.newegg.qa.testcases.HomePageTest@612fc6eb]" name="searchItem" duration-ms="44130" started-at="2018-03-05T02:05:28Z" data-provider="getTestExcelData" finished-at="2018-03-05T02:06:12Z">
          <params>
            <param index="0">
              <value>
                <![CDATA[PS4 games]]>
              </value>
            </param>
            <param index="1">
              <value>
                <![CDATA[Uncharted: The Lost Legacy]]>
              </value>
            </param>
            <param index="2">
              <value>
                <![CDATA[39.99]]>
              </value>
            </param>
          </params>
          <reporter-output>
          </reporter-output>
        </test-method> <!-- searchItem -->
        <test-method status="PASS" signature="searchItem(java.lang.String, java.lang.String, java.lang.String)[pri:1, instance:com.newegg.qa.testcases.HomePageTest@612fc6eb]" name="searchItem" duration-ms="44936" started-at="2018-03-05T02:06:12Z" data-provider="getTestExcelData" finished-at="2018-03-05T02:06:57Z">
          <params>
            <param index="0">
              <value>
                <![CDATA[Smart Thermostats]]>
              </value>
            </param>
            <param index="1">
              <value>
                <![CDATA[INSTEON Thermostat (2441TH)]]>
              </value>
            </param>
            <param index="2">
              <value>
                <![CDATA[99.99]]>
              </value>
            </param>
          </params>
          <reporter-output>
          </reporter-output>
        </test-method> <!-- searchItem -->
        <test-method status="PASS" signature="editCart()[pri:2, instance:com.newegg.qa.testcases.HomePageTest@612fc6eb]" name="editCart" duration-ms="20035" started-at="2018-03-05T02:06:57Z" finished-at="2018-03-05T02:07:17Z">
          <reporter-output>
          </reporter-output>
        </test-method> <!-- editCart -->
        <test-method status="PASS" signature="errorMessageValidation()[pri:3, instance:com.newegg.qa.testcases.HomePageTest@612fc6eb]" name="errorMessageValidation" duration-ms="3304" started-at="2018-03-05T02:07:17Z" finished-at="2018-03-05T02:07:21Z">
          <reporter-output>
          </reporter-output>
        </test-method> <!-- errorMessageValidation -->
        <test-method status="PASS" signature="tearDown()[pri:0, instance:com.newegg.qa.testcases.HomePageTest@612fc6eb]" name="tearDown" is-config="true" duration-ms="1096" started-at="2018-03-05T02:07:21Z" finished-at="2018-03-05T02:07:22Z">
          <reporter-output>
          </reporter-output>
        </test-method> <!-- tearDown -->
      </class> <!-- com.newegg.qa.testcases.HomePageTest -->
    </test> <!-- Default test -->
  </suite> <!-- Default suite -->
</testng-results>
